<?xml version="1.0" encoding="UTF-8"?>
<!-- Generated by org.testng.reporters.JUnitReportReporter -->
<testsuite hostname="Naveen" failures="0" tests="1" name="TestCases.AdminLoginTC" time="28.618" errors="0" timestamp="2023-03-22T19:15:19 IST" skipped="0">
  <testcase classname="TestCases.AdminLoginTC" name="Adminlogin" time="28.618"/>
  <system-out/>
</testsuite> <!-- TestCases.AdminLoginTC -->
